<?xml version="1.0" encoding="UTF-8"?>
<testng-results total="6" passed="6" failed="0" skipped="0">
  <reporter-output>
  </reporter-output>
  <suite started-at="2022-02-21T05:00:21Z" name="All Test Suite" finished-at="2022-02-21T05:00:21Z" duration-ms="104">
    <groups>
    </groups>
    <test started-at="2022-02-21T05:00:21Z" name="C:/Users/acer/IdeaProjects/Maven1" finished-at="2022-02-21T05:00:21Z" duration-ms="104">
      <class name="qaclickacademy.AppiumTest">
        <test-method signature="IOApps()[pri:0, instance:qaclickacademy.AppiumTest@2aece37d]" started-at="2022-02-21T10:30:21Z" name="IOApps" finished-at="2022-02-21T10:30:21Z" duration-ms="22" status="PASS">
          <reporter-output>
          </reporter-output>
        </test-method> <!-- IOApps -->
        <test-method signature="NativeAppAndroid()[pri:0, instance:qaclickacademy.AppiumTest@2aece37d]" started-at="2022-02-21T10:30:21Z" name="NativeAppAndroid" finished-at="2022-02-21T10:30:21Z" duration-ms="1" status="PASS">
          <reporter-output>
          </reporter-output>
        </test-method> <!-- NativeAppAndroid -->
      </class> <!-- qaclickacademy.AppiumTest -->
      <class name="qaclickacademy.RESTAPITest">
        <test-method signature="deleteTwitter()[pri:0, instance:qaclickacademy.RESTAPITest@2d9d4f9d]" started-at="2022-02-21T10:30:21Z" name="deleteTwitter" finished-at="2022-02-21T10:30:21Z" duration-ms="1" status="PASS">
          <reporter-output>
          </reporter-output>
        </test-method> <!-- deleteTwitter -->
        <test-method signature="postJira()[pri:0, instance:qaclickacademy.RESTAPITest@2d9d4f9d]" started-at="2022-02-21T10:30:21Z" name="postJira" finished-at="2022-02-21T10:30:21Z" duration-ms="2" status="PASS">
          <reporter-output>
          </reporter-output>
        </test-method> <!-- postJira -->
      </class> <!-- qaclickacademy.RESTAPITest -->
      <class name="qaclickacademy.SeleniumTest">
        <test-method signature="BrowserAutomation()[pri:0, instance:qaclickacademy.SeleniumTest@4034c28c]" started-at="2022-02-21T10:30:21Z" name="BrowserAutomation" finished-at="2022-02-21T10:30:21Z" duration-ms="0" status="PASS">
          <reporter-output>
          </reporter-output>
        </test-method> <!-- BrowserAutomation -->
        <test-method signature="elmentsUi()[pri:0, instance:qaclickacademy.SeleniumTest@4034c28c]" started-at="2022-02-21T10:30:21Z" name="elmentsUi" finished-at="2022-02-21T10:30:21Z" duration-ms="1" status="PASS">
          <reporter-output>
          </reporter-output>
        </test-method> <!-- elmentsUi -->
      </class> <!-- qaclickacademy.SeleniumTest -->
    </test> <!-- C:/Users/acer/IdeaProjects/Maven1 -->
  </suite> <!-- All Test Suite -->
</testng-results>
